Build started 4/26/2015 11:37:08 PM.
     1>Project "C:\Users\alan\Documents\Visual Studio 2010\Projects\cplusplus\prac01\prac01\prac01.vcxproj" on node 2 (build target(s)).
     1>InitializeBuildStatus:
         Touching "Debug\prac01.unsuccessfulbuild".
       ClCompile:
         All outputs are up-to-date.
         C:\Program Files (x86)\Microsoft Visual Studio 10.0\VC\bin\CL.exe /c /ZI /nologo /W3 /WX- /Od /Oy- /D WIN32 /D _DEBUG /D _CONSOLE /D _UNICODE /D UNICODE /Gm /EHsc /RTC1 /MDd /GS /fp:precise /Zc:wchar_t /Zc:forScope /Yu"StdAfx.h" /Fp"Debug\prac01.pch" /Fo"Debug\\" /Fd"Debug\vc100.pdb" /Gd /TP /analyze- /errorReport:prompt prac01.cpp
         prac01.cpp
       ManifestResourceCompile:
         All outputs are up-to-date.
       Link:
         C:\Program Files (x86)\Microsoft Visual Studio 10.0\VC\bin\link.exe /ERRORREPORT:PROMPT /OUT:"C:\Users\alan\Documents\Visual Studio 2010\Projects\cplusplus\prac01\Debug\prac01.exe" /INCREMENTAL /NOLOGO kernel32.lib user32.lib gdi32.lib winspool.lib comdlg32.lib advapi32.lib shell32.lib ole32.lib oleaut32.lib uuid.lib odbc32.lib odbccp32.lib /MANIFEST /ManifestFile:"Debug\prac01.exe.intermediate.manifest" /MANIFESTUAC:"level='asInvoker' uiAccess='false'" /DEBUG /PDB:"C:\Users\alan\Documents\Visual Studio 2010\Projects\cplusplus\prac01\Debug\prac01.pdb" /SUBSYSTEM:CONSOLE /TLBID:1 /DYNAMICBASE /NXCOMPAT /IMPLIB:"C:\Users\alan\Documents\Visual Studio 2010\Projects\cplusplus\prac01\Debug\prac01.lib" /MACHINE:X86 Debug\prac01.exe.embed.manifest.res
         Debug\prac01.obj
         Debug\stdafx.obj
       Manifest:
         C:\Program Files (x86)\Microsoft SDKs\Windows\v7.0A\bin\mt.exe /nologo /verbose /out:"Debug\prac01.exe.embed.manifest" /manifest Debug\prac01.exe.intermediate.manifest
         All outputs are up-to-date.
       LinkEmbedManifest:
         All outputs are up-to-date.
         prac01.vcxproj -> C:\Users\alan\Documents\Visual Studio 2010\Projects\cplusplus\prac01\Debug\prac01.exe
       FinalizeBuildStatus:
         Deleting file "Debug\prac01.unsuccessfulbuild".
         Touching "Debug\prac01.lastbuildstate".
     1>Done Building Project "C:\Users\alan\Documents\Visual Studio 2010\Projects\cplusplus\prac01\prac01\prac01.vcxproj" (build target(s)).

Build succeeded.

Time Elapsed 00:00:00.79
