c:\users\alan\documents\visual studio 2010\projects\cplusplus\prac01\prac01\debug\prac01.pch
c:\users\alan\documents\visual studio 2010\projects\cplusplus\prac01\prac01\debug\stdafx.obj
c:\users\alan\documents\visual studio 2010\projects\cplusplus\prac01\prac01\debug\vc100.pdb
c:\users\alan\documents\visual studio 2010\projects\cplusplus\prac01\prac01\debug\prac01.obj
c:\users\alan\documents\visual studio 2010\projects\cplusplus\prac01\prac01\debug\stock.obj
c:\users\alan\documents\visual studio 2010\projects\cplusplus\prac01\debug\prac01.ilk
c:\users\alan\documents\visual studio 2010\projects\cplusplus\prac01\debug\prac01.exe
c:\users\alan\documents\visual studio 2010\projects\cplusplus\prac01\prac01\debug\prac01.exe.intermediate.manifest
c:\users\alan\documents\visual studio 2010\projects\cplusplus\prac01\debug\prac01.pdb
c:\users\alan\documents\visual studio 2010\projects\cplusplus\prac01\prac01\debug\prac01.exe.embed.manifest
c:\users\alan\documents\visual studio 2010\projects\cplusplus\prac01\prac01\debug\prac01.exe.embed.manifest.res
c:\dev\server\c++\cplusplus\prac01\prac01\debug\prac01.pch
c:\dev\server\c++\cplusplus\prac01\prac01\debug\vc140.pdb
c:\dev\server\c++\cplusplus\prac01\prac01\debug\vc140.idb
c:\dev\server\c++\cplusplus\prac01\prac01\debug\stdafx.obj
c:\dev\server\c++\cplusplus\prac01\prac01\debug\stock.obj
c:\dev\server\c++\cplusplus\prac01\prac01\debug\cl.command.1.tlog
c:\dev\server\c++\cplusplus\prac01\prac01\debug\cl.read.1.tlog
c:\dev\server\c++\cplusplus\prac01\prac01\debug\cl.write.1.tlog
c:\dev\server\c++\cplusplus\prac01\prac01\debug\link-cvtres.read.1.tlog
c:\dev\server\c++\cplusplus\prac01\prac01\debug\link-cvtres.write.1.tlog
c:\dev\server\c++\cplusplus\prac01\prac01\debug\link.1692-cvtres.read.1.tlog
c:\dev\server\c++\cplusplus\prac01\prac01\debug\link.1692-cvtres.write.1.tlog
c:\dev\server\c++\cplusplus\prac01\prac01\debug\link.1692.read.1.tlog
c:\dev\server\c++\cplusplus\prac01\prac01\debug\link.1692.write.1.tlog
c:\dev\server\c++\cplusplus\prac01\prac01\debug\link.1828-cvtres.read.1.tlog
c:\dev\server\c++\cplusplus\prac01\prac01\debug\link.1828-cvtres.write.1.tlog
c:\dev\server\c++\cplusplus\prac01\prac01\debug\link.1828.read.1.tlog
c:\dev\server\c++\cplusplus\prac01\prac01\debug\link.1828.write.1.tlog
c:\dev\server\c++\cplusplus\prac01\prac01\debug\link.3880-cvtres.read.1.tlog
c:\dev\server\c++\cplusplus\prac01\prac01\debug\link.3880-cvtres.write.1.tlog
c:\dev\server\c++\cplusplus\prac01\prac01\debug\link.3880.read.1.tlog
c:\dev\server\c++\cplusplus\prac01\prac01\debug\link.3880.write.1.tlog
c:\dev\server\c++\cplusplus\prac01\prac01\debug\link.4372-cvtres.read.1.tlog
c:\dev\server\c++\cplusplus\prac01\prac01\debug\link.4372-cvtres.write.1.tlog
c:\dev\server\c++\cplusplus\prac01\prac01\debug\link.4372.read.1.tlog
c:\dev\server\c++\cplusplus\prac01\prac01\debug\link.4372.write.1.tlog
c:\dev\server\c++\cplusplus\prac01\prac01\debug\link.5360-cvtres.read.1.tlog
c:\dev\server\c++\cplusplus\prac01\prac01\debug\link.5360-cvtres.write.1.tlog
c:\dev\server\c++\cplusplus\prac01\prac01\debug\link.5360.read.1.tlog
c:\dev\server\c++\cplusplus\prac01\prac01\debug\link.5360.write.1.tlog
c:\dev\server\c++\cplusplus\prac01\prac01\debug\link.5616-cvtres.read.1.tlog
c:\dev\server\c++\cplusplus\prac01\prac01\debug\link.5616-cvtres.write.1.tlog
c:\dev\server\c++\cplusplus\prac01\prac01\debug\link.5616.read.1.tlog
c:\dev\server\c++\cplusplus\prac01\prac01\debug\link.5616.write.1.tlog
c:\dev\server\c++\cplusplus\prac01\prac01\debug\link.command.1.tlog
c:\dev\server\c++\cplusplus\prac01\prac01\debug\link.read.1.tlog
c:\dev\server\c++\cplusplus\prac01\prac01\debug\link.write.1.tlog
c:\dev\server\c++\cplusplus\prac01\prac01\debug\mt.command.1.tlog
c:\dev\server\c++\cplusplus\prac01\prac01\debug\mt.read.1.tlog
c:\dev\server\c++\cplusplus\prac01\prac01\debug\mt.write.1.tlog
c:\dev\server\c++\cplusplus\prac01\prac01\debug\rc.command.1.tlog
c:\dev\server\c++\cplusplus\prac01\prac01\debug\rc.read.1.tlog
c:\dev\server\c++\cplusplus\prac01\prac01\debug\rc.write.1.tlog
c:\dev\server\c++\cplusplus\prac01\prac01\debug\prac01.exe.embed.manifest
c:\dev\server\c++\cplusplus\prac01\prac01\debug\prac01.exe.intermediate.manifest
c:\dev\server\c++\cplusplus\prac01\prac01\debug\prac01.exe.embed.manifest.res
c:\dev\server\c++\cplusplus\prac01\prac01\debug\vc100.idb
c:\dev\server\c++\cplusplus\prac01\prac01\debug\vc100.pdb
c:\dev\server\c++\cplusplus\prac01\prac01\debug\prac01_manifest.rc
c:\dev\server\c++\cplusplus\prac01\debug\prac01.pdb
c:\dev\server\c++\cplusplus\prac01\debug\prac01.exe
c:\dev\server\c++\cplusplus\prac01\debug\prac01.ilk
c:\dev\server\c++\cplusplus\prac01\prac01\debug\prac01.tlog\cl.command.1.tlog
c:\dev\server\c++\cplusplus\prac01\prac01\debug\prac01.tlog\cl.read.1.tlog
c:\dev\server\c++\cplusplus\prac01\prac01\debug\prac01.tlog\cl.write.1.tlog
